00:00 25.125
00:10 25.062
00:20 24.312
00:30 24.75
00:40 24.75
00:50 24.75
01:00 24.75
01:11 24.75
01:21 24.75
01:31 24.687
01:41 24.687
01:51 24.75
02:01 24.687
02:11 24.687
02:21 24.687
02:31 24.687
02:41 24.687
02:51 24.687
03:01 24.687
03:11 24.687
03:21 24.687
03:31 24.687
03:41 24.687
03:51 24.687
04:01 24.625
04:11 24.625
04:21 24.625
04:31 24.625
04:41 24.625
04:51 24.625
05:01 24.625
05:11 24.625
05:21 24.625
05:31 24.625
05:41 24.625
05:51 24.562
06:01 24.562
06:11 24.625
06:21 24.625
06:31 24.625
06:41 24.562
06:51 24.562
07:01 24.562
07:11 24.562
07:21 24.562
07:31 24.562
07:41 24.312
07:51 24.062
08:01 23.937
08:11 23.937
08:21 24.687
08:31 24.875
08:41 24.937
08:51 25.0
09:01 25.0
09:11 24.937
09:21 24.937
09:31 24.937
09:41 24.875
09:51 24.812
10:01 24.812
10:11 24.75
10:21 24.687
10:31 24.687
10:41 24.625
10:51 24.687
11:01 24.687
11:11 24.625
11:21 24.625
11:31 24.687
11:41 24.687
11:51 24.687
12:01 24.687
12:11 24.625
12:21 24.625
12:31 24.625
12:41 24.625
12:51 24.562
13:01 24.562
13:11 24.562
13:22 24.562
13:32 24.625
13:42 24.562
13:52 24.562
14:02 24.562
14:12 24.562
14:22 24.562
14:32 24.562
14:42 24.562
14:52 24.562
15:02 24.5
15:12 24.5
15:22 24.5
15:32 24.5
15:42 24.5
15:52 24.437
16:02 24.5
16:12 24.437
16:22 24.437
16:32 24.5
16:42 24.5
16:52 24.5
17:02 24.437
17:12 24.437
17:22 24.437
17:32 24.437
17:42 24.375
17:52 24.375
18:02 24.375
18:12 24.812
18:22 24.625
18:32 24.812
18:42 24.875
18:52 25.0
19:02 25.25
19:12 25.0
19:22 26.75
19:32 19.937
19:42 25.375
19:52 24.5
20:02 24.687
20:12 24.812
20:22 25.062
20:32 25.125
20:42 25.187
